<?xml version="1.0" encoding="UTF-8"?>
<testng-results ignored="0" total="6" passed="5" failed="1" skipped="0">
  <reporter-output>
  </reporter-output>
  <suite started-at="2024-01-14T12:30:30 EET" name="Default suite" finished-at="2024-01-14T12:30:45 EET" duration-ms="15389">
    <groups>
    </groups>
    <test started-at="2024-01-14T12:30:30 EET" name="Default test" finished-at="2024-01-14T12:30:45 EET" duration-ms="15389">
      <class name="com.techbeamers.HomePage">
        <test-method is-config="true" signature="beforeClass()[pri:0, instance:com.techbeamers.HomePage@38c6f217]" started-at="2024-01-14T12:30:30 EET" name="beforeClass" finished-at="2024-01-14T12:30:40 EET" duration-ms="9924" status="PASS">
          <reporter-output>
          </reporter-output>
        </test-method> <!-- beforeClass -->
        <test-method signature="verificaBileteButon()[pri:0, instance:com.techbeamers.HomePage@38c6f217]" started-at="2024-01-14T12:30:40 EET" name="verificaBileteButon" finished-at="2024-01-14T12:30:41 EET" duration-ms="915" status="PASS">
          <reporter-output>
          </reporter-output>
        </test-method> <!-- verificaBileteButon -->
        <test-method signature="verificaDestinatiiButon()[pri:0, instance:com.techbeamers.HomePage@38c6f217]" started-at="2024-01-14T12:30:41 EET" name="verificaDestinatiiButon" finished-at="2024-01-14T12:30:41 EET" duration-ms="617" status="PASS">
          <reporter-output>
          </reporter-output>
        </test-method> <!-- verificaDestinatiiButon -->
        <test-method signature="verificaPasageriButon()[pri:0, instance:com.techbeamers.HomePage@38c6f217]" started-at="2024-01-14T12:30:41 EET" name="verificaPasageriButon" finished-at="2024-01-14T12:30:43 EET" duration-ms="1403" status="PASS">
          <reporter-output>
          </reporter-output>
        </test-method> <!-- verificaPasageriButon -->
        <test-method signature="verificaZboruriButon()[pri:0, instance:com.techbeamers.HomePage@38c6f217]" started-at="2024-01-14T12:30:43 EET" name="verificaZboruriButon" finished-at="2024-01-14T12:30:43 EET" duration-ms="480" status="FAIL">
          <exception class="java.lang.AssertionError">
            <message>
              <![CDATA[expected [https://localhost:7065/Zboruri] but found [https://localhost:7065/Pasageri]]]>
            </message>
            <full-stacktrace>
              <![CDATA[java.lang.AssertionError: expected [https://localhost:7065/Zboruri] but found [https://localhost:7065/Pasageri]
at org.testng.Assert.fail(Assert.java:99)
at org.testng.Assert.failNotEquals(Assert.java:1037)
at org.testng.Assert.assertEqualsImpl(Assert.java:140)
at org.testng.Assert.assertEquals(Assert.java:122)
at org.testng.Assert.assertEquals(Assert.java:629)
at org.testng.Assert.assertEquals(Assert.java:639)
at com.techbeamers.HomePage.verificaZboruriButon(HomePage.java:44)
at java.base/jdk.internal.reflect.DirectMethodHandleAccessor.invoke(DirectMethodHandleAccessor.java:104)
at java.base/java.lang.reflect.Method.invoke(Method.java:578)
at org.testng.internal.MethodInvocationHelper.invokeMethod(MethodInvocationHelper.java:133)
at org.testng.internal.TestInvoker.invokeMethod(TestInvoker.java:598)
at org.testng.internal.TestInvoker.invokeTestMethod(TestInvoker.java:173)
at org.testng.internal.MethodRunner.runInSequence(MethodRunner.java:46)
at org.testng.internal.TestInvoker$MethodInvocationAgent.invoke(TestInvoker.java:824)
at org.testng.internal.TestInvoker.invokeTestMethods(TestInvoker.java:146)
at org.testng.internal.TestMethodWorker.invokeTestMethods(TestMethodWorker.java:146)
at org.testng.internal.TestMethodWorker.run(TestMethodWorker.java:128)
at java.base/java.util.ArrayList.forEach(ArrayList.java:1511)
at org.testng.TestRunner.privateRun(TestRunner.java:794)
at org.testng.TestRunner.run(TestRunner.java:596)
at org.testng.SuiteRunner.runTest(SuiteRunner.java:377)
at org.testng.SuiteRunner.runSequentially(SuiteRunner.java:371)
at org.testng.SuiteRunner.privateRun(SuiteRunner.java:332)
at org.testng.SuiteRunner.run(SuiteRunner.java:276)
at org.testng.SuiteRunnerWorker.runSuite(SuiteRunnerWorker.java:53)
at org.testng.SuiteRunnerWorker.run(SuiteRunnerWorker.java:96)
at org.testng.TestNG.runSuitesSequentially(TestNG.java:1212)
at org.testng.TestNG.runSuitesLocally(TestNG.java:1134)
at org.testng.TestNG.runSuites(TestNG.java:1063)
at org.testng.TestNG.run(TestNG.java:1031)
at org.testng.remote.AbstractRemoteTestNG.run(AbstractRemoteTestNG.java:115)
at org.testng.remote.RemoteTestNG.initAndRun(RemoteTestNG.java:251)
at org.testng.remote.RemoteTestNG.main(RemoteTestNG.java:77)
]]>
            </full-stacktrace>
          </exception> <!-- java.lang.AssertionError -->
          <reporter-output>
          </reporter-output>
        </test-method> <!-- verificaZboruriButon -->
        <test-method signature="verificareImagine()[pri:0, instance:com.techbeamers.HomePage@38c6f217]" started-at="2024-01-14T12:30:43 EET" name="verificareImagine" finished-at="2024-01-14T12:30:44 EET" duration-ms="624" status="PASS">
          <reporter-output>
          </reporter-output>
        </test-method> <!-- verificareImagine -->
        <test-method signature="verificareTitlu()[pri:0, instance:com.techbeamers.HomePage@38c6f217]" started-at="2024-01-14T12:30:44 EET" name="verificareTitlu" finished-at="2024-01-14T12:30:44 EET" duration-ms="492" status="PASS">
          <reporter-output>
          </reporter-output>
        </test-method> <!-- verificareTitlu -->
        <test-method is-config="true" signature="afterClass()[pri:0, instance:com.techbeamers.HomePage@38c6f217]" started-at="2024-01-14T12:30:44 EET" name="afterClass" finished-at="2024-01-14T12:30:45 EET" duration-ms="699" status="PASS">
          <reporter-output>
          </reporter-output>
        </test-method> <!-- afterClass -->
      </class> <!-- com.techbeamers.HomePage -->
    </test> <!-- Default test -->
  </suite> <!-- Default suite -->
</testng-results>
